<?xml version="1.0" encoding="UTF-8"?>
<!-- Generated by org.testng.reporters.JUnitXMLReporter -->
<testsuite ignored="0" hostname="DESKTOP-UMSRV6Q" failures="0" tests="4" name="Test" time="0.298" errors="0" timestamp="2021-07-29T23:11:57 IST">
  <testcase classname="sai.NewTest" name="f" time="0.023"/>
  <testcase classname="sai.NewTest" name="sai" time="0.006"/>
  <testcase classname="sai.NewTest2" name="f" time="0.002"/>
  <testcase classname="sai.NewTest2" name="sai" time="0.032"/>
</testsuite> <!-- Test -->
