<?xml version="1.0" encoding="UTF-8"?>
<testng-results ignored="0" total="4" passed="4" failed="0" skipped="0">
  <reporter-output>
  </reporter-output>
  <suite started-at="2021-07-29T23:11:56 IST" name="Suite" finished-at="2021-07-29T23:11:57 IST" duration-ms="298">
    <groups>
    </groups>
    <test started-at="2021-07-29T23:11:56 IST" name="Test" finished-at="2021-07-29T23:11:57 IST" duration-ms="298">
      <class name="sai.NewTest2">
        <test-method signature="f()[pri:0, instance:sai.NewTest2@37858383]" started-at="2021-07-29T23:11:57 IST" name="f" finished-at="2021-07-29T23:11:57 IST" duration-ms="2" status="PASS">
          <reporter-output>
          </reporter-output>
        </test-method> <!-- f -->
        <test-method signature="sai()[pri:0, instance:sai.NewTest2@37858383]" started-at="2021-07-29T23:11:57 IST" name="sai" finished-at="2021-07-29T23:11:57 IST" duration-ms="32" status="PASS">
          <reporter-output>
          </reporter-output>
        </test-method> <!-- sai -->
      </class> <!-- sai.NewTest2 -->
      <class name="sai.NewTest">
        <test-method signature="f()[pri:0, instance:sai.NewTest@87a85e1]" started-at="2021-07-29T23:11:57 IST" name="f" finished-at="2021-07-29T23:11:57 IST" duration-ms="23" status="PASS">
          <reporter-output>
          </reporter-output>
        </test-method> <!-- f -->
        <test-method signature="sai()[pri:0, instance:sai.NewTest@87a85e1]" started-at="2021-07-29T23:11:57 IST" name="sai" finished-at="2021-07-29T23:11:57 IST" duration-ms="6" status="PASS">
          <reporter-output>
          </reporter-output>
        </test-method> <!-- sai -->
      </class> <!-- sai.NewTest -->
    </test> <!-- Test -->
  </suite> <!-- Suite -->
</testng-results>
